<?xml version="1.0" encoding="UTF-8"?>
<testsuite xmlns:xsi="http://www.w3.org/2001/XMLSchema-instance" xsi:noNamespaceSchemaLocation="https://maven.apache.org/surefire/maven-surefire-plugin/xsd/surefire-test-report-3.0.xsd" version="3.0" name="com.headspin.skillbase.members.MembersArchTest" time="3.384" tests="1" errors="0" skipped="0" failures="0">
  <properties>
[...]
</properties>
  <testcase name="classes_should_not_access_standard_streams_from_library" classname="MembersArchTest" time="3.372">
    <system-out><![CDATA[23:35:26.389 [main] INFO com.tngtech.archunit.core.PluginLoader -- Detected Java version 21.0.2
]]></system-out>
    <system-err><![CDATA[SLF4J(W): Class path contains multiple SLF4J providers.
SLF4J(W): Found provider [ch.qos.logback.classic.spi.LogbackServiceProvider@4e4aea35]
SLF4J(W): Found provider [org.slf4j.simple.SimpleServiceProvider@1442d7b5]
SLF4J(W): See https://www.slf4j.org/codes.html#multiple_bindings for an explanation.
SLF4J(I): Actual provider is of type [ch.qos.logback.classic.spi.LogbackServiceProvider@4e4aea35]
]]></system-err>
  </testcase>
</testsuite>